<?xml version="1.0" encoding="UTF-8"?>
<testng-results skipped="0" failed="2" ignored="0" total="12" passed="10">
  <reporter-output>
  </reporter-output>
  <suite name="TS_Mynetwork" duration-ms="8958" started-at="2019-02-25T06:02:41Z" finished-at="2019-02-25T06:02:50Z">
    <groups>
    </groups>
    <test name="TC_Network_test_01" duration-ms="4281" started-at="2019-02-25T06:02:41Z" finished-at="2019-02-25T06:02:46Z">
      <class name="TS_Mynetwork.TC_Network_test_01">
        <test-method status="PASS" signature="setEnviornmentForTestcaseExecution()[pri:0, instance:TS_Mynetwork.TC_Network_test_01@51efea79]" name="setEnviornmentForTestcaseExecution" is-config="true" duration-ms="3314" started-at="2019-02-25T06:02:41Z" finished-at="2019-02-25T06:02:45Z">
          <reporter-output>
          </reporter-output>
        </test-method> <!-- setEnviornmentForTestcaseExecution -->
        <test-method status="PASS" signature="network_sample_test01()[pri:0, instance:TS_Mynetwork.TC_Network_test_01@51efea79]" name="network_sample_test01" duration-ms="420" started-at="2019-02-25T06:02:45Z" finished-at="2019-02-25T06:02:45Z">
          <reporter-output>
          </reporter-output>
        </test-method> <!-- network_sample_test01 -->
        <test-method status="PASS" signature="cleanupAfterTestcaseExecution()[pri:0, instance:TS_Mynetwork.TC_Network_test_01@51efea79]" name="cleanupAfterTestcaseExecution" is-config="true" duration-ms="85" started-at="2019-02-25T06:02:46Z" finished-at="2019-02-25T06:02:46Z">
          <reporter-output>
          </reporter-output>
        </test-method> <!-- cleanupAfterTestcaseExecution -->
      </class> <!-- TS_Mynetwork.TC_Network_test_01 -->
    </test> <!-- TC_Network_test_01 -->
    <test name="TC_Network_test_02" duration-ms="4620" started-at="2019-02-25T06:02:46Z" finished-at="2019-02-25T06:02:50Z">
      <class name="TS_Mynetwork.TC_Network_test_02">
        <test-method status="PASS" signature="prepareTestbedForTestsuiteExecution()[pri:0, instance:TS_Mynetwork.TC_Network_test_02@58651fd0]" name="prepareTestbedForTestsuiteExecution" is-config="true" duration-ms="25" started-at="2019-02-25T06:02:41Z" finished-at="2019-02-25T06:02:41Z">
          <reporter-output>
          </reporter-output>
        </test-method> <!-- prepareTestbedForTestsuiteExecution -->
        <test-method status="PASS" signature="setEnviornmentForTestcaseExecution()[pri:0, instance:TS_Mynetwork.TC_Network_test_02@58651fd0]" name="setEnviornmentForTestcaseExecution" is-config="true" duration-ms="3505" started-at="2019-02-25T06:02:46Z" finished-at="2019-02-25T06:02:49Z">
          <reporter-output>
          </reporter-output>
        </test-method> <!-- setEnviornmentForTestcaseExecution -->
        <test-method status="PASS" signature="network_sample_test02()[pri:0, instance:TS_Mynetwork.TC_Network_test_02@58651fd0]" name="network_sample_test02" duration-ms="463" started-at="2019-02-25T06:02:49Z" finished-at="2019-02-25T06:02:50Z">
          <reporter-output>
          </reporter-output>
        </test-method> <!-- network_sample_test02 -->
        <test-method status="PASS" signature="cleanupAfterTestcaseExecution()[pri:0, instance:TS_Mynetwork.TC_Network_test_02@58651fd0]" name="cleanupAfterTestcaseExecution" is-config="true" duration-ms="117" started-at="2019-02-25T06:02:50Z" finished-at="2019-02-25T06:02:50Z">
          <reporter-output>
          </reporter-output>
        </test-method> <!-- cleanupAfterTestcaseExecution -->
        <test-method status="PASS" signature="cleanupTestbedAfterTestSuiteExecution()[pri:0, instance:TS_Mynetwork.TC_Network_test_02@58651fd0]" name="cleanupTestbedAfterTestSuiteExecution" is-config="true" duration-ms="520" started-at="2019-02-25T06:02:50Z" finished-at="2019-02-25T06:02:51Z">
          <reporter-output>
          </reporter-output>
        </test-method> <!-- cleanupTestbedAfterTestSuiteExecution -->
      </class> <!-- TS_Mynetwork.TC_Network_test_02 -->
    </test> <!-- TC_Network_test_02 -->
  </suite> <!-- TS_Mynetwork -->
  <suite name="TS_Profile" duration-ms="11415" started-at="2019-02-25T06:02:29Z" finished-at="2019-02-25T06:02:41Z">
    <groups>
    </groups>
    <test name="TC_Profile_test_01" duration-ms="6831" started-at="2019-02-25T06:02:29Z" finished-at="2019-02-25T06:02:36Z">
      <class name="TS_Profile.TC_Profile_test_01">
        <test-method status="PASS" signature="setEnviornmentForTestcaseExecution()[pri:0, instance:TS_Profile.TC_Profile_test_01@5cc7c2a6]" name="setEnviornmentForTestcaseExecution" is-config="true" duration-ms="5774" started-at="2019-02-25T06:02:29Z" finished-at="2019-02-25T06:02:35Z">
          <reporter-output>
          </reporter-output>
        </test-method> <!-- setEnviornmentForTestcaseExecution -->
        <test-method status="PASS" signature="profile_sample_test01()[pri:0, instance:TS_Profile.TC_Profile_test_01@5cc7c2a6]" name="profile_sample_test01" duration-ms="456" started-at="2019-02-25T06:02:35Z" finished-at="2019-02-25T06:02:36Z">
          <reporter-output>
          </reporter-output>
        </test-method> <!-- profile_sample_test01 -->
        <test-method status="PASS" signature="cleanupAfterTestcaseExecution()[pri:0, instance:TS_Profile.TC_Profile_test_01@5cc7c2a6]" name="cleanupAfterTestcaseExecution" is-config="true" duration-ms="93" started-at="2019-02-25T06:02:36Z" finished-at="2019-02-25T06:02:36Z">
          <reporter-output>
          </reporter-output>
        </test-method> <!-- cleanupAfterTestcaseExecution -->
      </class> <!-- TS_Profile.TC_Profile_test_01 -->
    </test> <!-- TC_Profile_test_01 -->
    <test name="TC_Profile_test_02" duration-ms="4421" started-at="2019-02-25T06:02:36Z" finished-at="2019-02-25T06:02:41Z">
      <class name="TS_Profile.TC_Profile_test_02">
        <test-method status="PASS" signature="prepareTestbedForTestsuiteExecution()[pri:0, instance:TS_Profile.TC_Profile_test_02@6cc4c815]" name="prepareTestbedForTestsuiteExecution" is-config="true" duration-ms="1797" started-at="2019-02-25T06:02:28Z" finished-at="2019-02-25T06:02:29Z">
          <reporter-output>
          </reporter-output>
        </test-method> <!-- prepareTestbedForTestsuiteExecution -->
        <test-method status="PASS" signature="setEnviornmentForTestcaseExecution()[pri:0, instance:TS_Profile.TC_Profile_test_02@6cc4c815]" name="setEnviornmentForTestcaseExecution" is-config="true" duration-ms="3437" started-at="2019-02-25T06:02:36Z" finished-at="2019-02-25T06:02:40Z">
          <reporter-output>
          </reporter-output>
        </test-method> <!-- setEnviornmentForTestcaseExecution -->
        <test-method status="PASS" signature="profile_sample_test02()[pri:0, instance:TS_Profile.TC_Profile_test_02@6cc4c815]" name="profile_sample_test02" duration-ms="424" started-at="2019-02-25T06:02:40Z" finished-at="2019-02-25T06:02:40Z">
          <reporter-output>
          </reporter-output>
        </test-method> <!-- profile_sample_test02 -->
        <test-method status="PASS" signature="cleanupAfterTestcaseExecution()[pri:0, instance:TS_Profile.TC_Profile_test_02@6cc4c815]" name="cleanupAfterTestcaseExecution" is-config="true" duration-ms="86" started-at="2019-02-25T06:02:41Z" finished-at="2019-02-25T06:02:41Z">
          <reporter-output>
          </reporter-output>
        </test-method> <!-- cleanupAfterTestcaseExecution -->
        <test-method status="PASS" signature="cleanupTestbedAfterTestSuiteExecution()[pri:0, instance:TS_Profile.TC_Profile_test_02@6cc4c815]" name="cleanupTestbedAfterTestSuiteExecution" is-config="true" duration-ms="521" started-at="2019-02-25T06:02:41Z" finished-at="2019-02-25T06:02:41Z">
          <reporter-output>
          </reporter-output>
        </test-method> <!-- cleanupTestbedAfterTestSuiteExecution -->
      </class> <!-- TS_Profile.TC_Profile_test_02 -->
    </test> <!-- TC_Profile_test_02 -->
  </suite> <!-- TS_Profile -->
  <suite name="TS_Settings (0)" duration-ms="8000" started-at="2019-02-25T06:03:18Z" finished-at="2019-02-25T06:03:26Z">
    <groups>
    </groups>
    <test name="TC_Settings_test_01" duration-ms="4032" started-at="2019-02-25T06:03:18Z" finished-at="2019-02-25T06:03:22Z">
      <class name="TS_Settings.TC_Settings_test_01">
        <test-method status="PASS" signature="setEnviornmentForTestcaseExecution()[pri:0, instance:TS_Settings.TC_Settings_test_01@523884b2]" name="setEnviornmentForTestcaseExecution" is-config="true" duration-ms="3032" started-at="2019-02-25T06:03:18Z" finished-at="2019-02-25T06:03:21Z">
          <reporter-output>
          </reporter-output>
        </test-method> <!-- setEnviornmentForTestcaseExecution -->
        <test-method status="PASS" signature="settings_sample_test01()[pri:0, instance:TS_Settings.TC_Settings_test_01@523884b2]" name="settings_sample_test01" duration-ms="444" started-at="2019-02-25T06:03:21Z" finished-at="2019-02-25T06:03:22Z">
          <reporter-output>
          </reporter-output>
        </test-method> <!-- settings_sample_test01 -->
        <test-method status="PASS" signature="cleanupAfterTestcaseExecution()[pri:0, instance:TS_Settings.TC_Settings_test_01@523884b2]" name="cleanupAfterTestcaseExecution" is-config="true" duration-ms="83" started-at="2019-02-25T06:03:22Z" finished-at="2019-02-25T06:03:22Z">
          <reporter-output>
          </reporter-output>
        </test-method> <!-- cleanupAfterTestcaseExecution -->
      </class> <!-- TS_Settings.TC_Settings_test_01 -->
    </test> <!-- TC_Settings_test_01 -->
    <test name="TC_Settings_test_02" duration-ms="3914" started-at="2019-02-25T06:03:22Z" finished-at="2019-02-25T06:03:26Z">
      <class name="TS_Settings.TC_Settings_test_02">
        <test-method status="PASS" signature="prepareTestbedForTestsuiteExecution()[pri:0, instance:TS_Settings.TC_Settings_test_02@3532ec19]" name="prepareTestbedForTestsuiteExecution" is-config="true" duration-ms="23" started-at="2019-02-25T06:03:18Z" finished-at="2019-02-25T06:03:18Z">
          <reporter-output>
          </reporter-output>
        </test-method> <!-- prepareTestbedForTestsuiteExecution -->
        <test-method status="PASS" signature="setEnviornmentForTestcaseExecution()[pri:0, instance:TS_Settings.TC_Settings_test_02@3532ec19]" name="setEnviornmentForTestcaseExecution" is-config="true" duration-ms="2961" started-at="2019-02-25T06:03:22Z" finished-at="2019-02-25T06:03:25Z">
          <reporter-output>
          </reporter-output>
        </test-method> <!-- setEnviornmentForTestcaseExecution -->
        <test-method status="FAIL" signature="settings_sample_test02()[pri:0, instance:TS_Settings.TC_Settings_test_02@3532ec19]" name="settings_sample_test02" duration-ms="423" started-at="2019-02-25T06:03:25Z" finished-at="2019-02-25T06:03:26Z">
          <exception class="java.lang.AssertionError">
            <message>
              <![CDATA[expected [false] but found [true]]]>
            </message>
            <full-stacktrace>
              <![CDATA[java.lang.AssertionError: expected [false] but found [true]
at org.testng.Assert.fail(Assert.java:96)
at org.testng.Assert.failNotEquals(Assert.java:776)
at org.testng.Assert.assertEqualsImpl(Assert.java:137)
at org.testng.Assert.assertEquals(Assert.java:118)
at org.testng.Assert.assertEquals(Assert.java:568)
at org.testng.Assert.assertEquals(Assert.java:578)
at TS_Settings.TC_Settings_test_02.settings_sample_test02(TC_Settings_test_02.java:16)
at sun.reflect.NativeMethodAccessorImpl.invoke0(Native Method)
at sun.reflect.NativeMethodAccessorImpl.invoke(NativeMethodAccessorImpl.java:62)
at sun.reflect.DelegatingMethodAccessorImpl.invoke(DelegatingMethodAccessorImpl.java:43)
at java.lang.reflect.Method.invoke(Method.java:498)
at org.testng.internal.MethodInvocationHelper.invokeMethod(MethodInvocationHelper.java:124)
at org.testng.internal.Invoker.invokeMethod(Invoker.java:583)
at org.testng.internal.Invoker.invokeTestMethod(Invoker.java:719)
at org.testng.internal.Invoker.invokeTestMethods(Invoker.java:989)
at org.testng.internal.TestMethodWorker.invokeTestMethods(TestMethodWorker.java:125)
at org.testng.internal.TestMethodWorker.run(TestMethodWorker.java:109)
at org.testng.TestRunner.privateRun(TestRunner.java:648)
at org.testng.TestRunner.run(TestRunner.java:505)
at org.testng.SuiteRunner.runTest(SuiteRunner.java:455)
at org.testng.SuiteRunner.runSequentially(SuiteRunner.java:450)
at org.testng.SuiteRunner.privateRun(SuiteRunner.java:415)
at org.testng.SuiteRunner.run(SuiteRunner.java:364)
at org.testng.SuiteRunnerWorker.runSuite(SuiteRunnerWorker.java:52)
at org.testng.SuiteRunnerWorker.run(SuiteRunnerWorker.java:84)
at org.testng.TestNG.runSuitesSequentially(TestNG.java:1208)
at org.testng.TestNG.runSuitesLocally(TestNG.java:1137)
at org.testng.TestNG.runSuites(TestNG.java:1049)
at org.testng.TestNG.run(TestNG.java:1017)
at org.apache.maven.surefire.testng.TestNGExecutor.run(TestNGExecutor.java:283)
at org.apache.maven.surefire.testng.TestNGXmlTestSuite.execute(TestNGXmlTestSuite.java:75)
at org.apache.maven.surefire.testng.TestNGProvider.invoke(TestNGProvider.java:120)
at org.apache.maven.surefire.booter.ForkedBooter.invokeProviderInSameClassLoader(ForkedBooter.java:384)
at org.apache.maven.surefire.booter.ForkedBooter.runSuitesInProcess(ForkedBooter.java:345)
at org.apache.maven.surefire.booter.ForkedBooter.execute(ForkedBooter.java:126)
at org.apache.maven.surefire.booter.ForkedBooter.main(ForkedBooter.java:418)
]]>
            </full-stacktrace>
          </exception> <!-- java.lang.AssertionError -->
          <reporter-output>
          </reporter-output>
        </test-method> <!-- settings_sample_test02 -->
        <test-method status="PASS" signature="cleanupAfterTestcaseExecution()[pri:0, instance:TS_Settings.TC_Settings_test_02@3532ec19]" name="cleanupAfterTestcaseExecution" is-config="true" duration-ms="77" started-at="2019-02-25T06:03:26Z" finished-at="2019-02-25T06:03:26Z">
          <reporter-output>
          </reporter-output>
        </test-method> <!-- cleanupAfterTestcaseExecution -->
        <test-method status="PASS" signature="cleanupTestbedAfterTestSuiteExecution()[pri:0, instance:TS_Settings.TC_Settings_test_02@3532ec19]" name="cleanupTestbedAfterTestSuiteExecution" is-config="true" duration-ms="517" started-at="2019-02-25T06:03:26Z" finished-at="2019-02-25T06:03:27Z">
          <reporter-output>
          </reporter-output>
        </test-method> <!-- cleanupTestbedAfterTestSuiteExecution -->
      </class> <!-- TS_Settings.TC_Settings_test_02 -->
    </test> <!-- TC_Settings_test_02 -->
  </suite> <!-- TS_Settings (0) -->
  <suite name="TS_Mynetwork (0)" duration-ms="8961" started-at="2019-02-25T06:03:09Z" finished-at="2019-02-25T06:03:18Z">
    <groups>
    </groups>
    <test name="TC_Network_test_01" duration-ms="4560" started-at="2019-02-25T06:03:09Z" finished-at="2019-02-25T06:03:13Z">
      <class name="TS_Mynetwork.TC_Network_test_01">
        <test-method status="PASS" signature="setEnviornmentForTestcaseExecution()[pri:0, instance:TS_Mynetwork.TC_Network_test_01@4b9e13df]" name="setEnviornmentForTestcaseExecution" is-config="true" duration-ms="3604" started-at="2019-02-25T06:03:09Z" finished-at="2019-02-25T06:03:12Z">
          <reporter-output>
          </reporter-output>
        </test-method> <!-- setEnviornmentForTestcaseExecution -->
        <test-method status="PASS" signature="network_sample_test01()[pri:0, instance:TS_Mynetwork.TC_Network_test_01@4b9e13df]" name="network_sample_test01" duration-ms="423" started-at="2019-02-25T06:03:12Z" finished-at="2019-02-25T06:03:13Z">
          <reporter-output>
          </reporter-output>
        </test-method> <!-- network_sample_test01 -->
        <test-method status="PASS" signature="cleanupAfterTestcaseExecution()[pri:0, instance:TS_Mynetwork.TC_Network_test_01@4b9e13df]" name="cleanupAfterTestcaseExecution" is-config="true" duration-ms="84" started-at="2019-02-25T06:03:13Z" finished-at="2019-02-25T06:03:13Z">
          <reporter-output>
          </reporter-output>
        </test-method> <!-- cleanupAfterTestcaseExecution -->
      </class> <!-- TS_Mynetwork.TC_Network_test_01 -->
    </test> <!-- TC_Network_test_01 -->
    <test name="TC_Network_test_02" duration-ms="4348" started-at="2019-02-25T06:03:13Z" finished-at="2019-02-25T06:03:18Z">
      <class name="TS_Mynetwork.TC_Network_test_02">
        <test-method status="PASS" signature="prepareTestbedForTestsuiteExecution()[pri:0, instance:TS_Mynetwork.TC_Network_test_02@14acaea5]" name="prepareTestbedForTestsuiteExecution" is-config="true" duration-ms="19" started-at="2019-02-25T06:03:09Z" finished-at="2019-02-25T06:03:09Z">
          <reporter-output>
          </reporter-output>
        </test-method> <!-- prepareTestbedForTestsuiteExecution -->
        <test-method status="PASS" signature="setEnviornmentForTestcaseExecution()[pri:0, instance:TS_Mynetwork.TC_Network_test_02@14acaea5]" name="setEnviornmentForTestcaseExecution" is-config="true" duration-ms="3354" started-at="2019-02-25T06:03:13Z" finished-at="2019-02-25T06:03:17Z">
          <reporter-output>
          </reporter-output>
        </test-method> <!-- setEnviornmentForTestcaseExecution -->
        <test-method status="PASS" signature="network_sample_test02()[pri:0, instance:TS_Mynetwork.TC_Network_test_02@14acaea5]" name="network_sample_test02" duration-ms="435" started-at="2019-02-25T06:03:17Z" finished-at="2019-02-25T06:03:17Z">
          <reporter-output>
          </reporter-output>
        </test-method> <!-- network_sample_test02 -->
        <test-method status="PASS" signature="cleanupAfterTestcaseExecution()[pri:0, instance:TS_Mynetwork.TC_Network_test_02@14acaea5]" name="cleanupAfterTestcaseExecution" is-config="true" duration-ms="98" started-at="2019-02-25T06:03:18Z" finished-at="2019-02-25T06:03:18Z">
          <reporter-output>
          </reporter-output>
        </test-method> <!-- cleanupAfterTestcaseExecution -->
        <test-method status="PASS" signature="cleanupTestbedAfterTestSuiteExecution()[pri:0, instance:TS_Mynetwork.TC_Network_test_02@14acaea5]" name="cleanupTestbedAfterTestSuiteExecution" is-config="true" duration-ms="519" started-at="2019-02-25T06:03:18Z" finished-at="2019-02-25T06:03:18Z">
          <reporter-output>
          </reporter-output>
        </test-method> <!-- cleanupTestbedAfterTestSuiteExecution -->
      </class> <!-- TS_Mynetwork.TC_Network_test_02 -->
    </test> <!-- TC_Network_test_02 -->
  </suite> <!-- TS_Mynetwork (0) -->
  <suite name="XMSC UI Test suites" duration-ms="0" started-at="2019-02-25T06:03:28Z" finished-at="2019-02-25T06:03:28Z">
    <groups>
    </groups>
  </suite> <!-- XMSC UI Test suites -->
  <suite name="TS_Settings" duration-ms="8641" started-at="2019-02-25T06:02:51Z" finished-at="2019-02-25T06:03:00Z">
    <groups>
    </groups>
    <test name="TC_Settings_test_01" duration-ms="4403" started-at="2019-02-25T06:02:51Z" finished-at="2019-02-25T06:02:55Z">
      <class name="TS_Settings.TC_Settings_test_01">
        <test-method status="PASS" signature="setEnviornmentForTestcaseExecution()[pri:0, instance:TS_Settings.TC_Settings_test_01@1753acfe]" name="setEnviornmentForTestcaseExecution" is-config="true" duration-ms="3462" started-at="2019-02-25T06:02:51Z" finished-at="2019-02-25T06:02:54Z">
          <reporter-output>
          </reporter-output>
        </test-method> <!-- setEnviornmentForTestcaseExecution -->
        <test-method status="PASS" signature="settings_sample_test01()[pri:0, instance:TS_Settings.TC_Settings_test_01@1753acfe]" name="settings_sample_test01" duration-ms="437" started-at="2019-02-25T06:02:54Z" finished-at="2019-02-25T06:02:55Z">
          <reporter-output>
          </reporter-output>
        </test-method> <!-- settings_sample_test01 -->
        <test-method status="PASS" signature="cleanupAfterTestcaseExecution()[pri:0, instance:TS_Settings.TC_Settings_test_01@1753acfe]" name="cleanupAfterTestcaseExecution" is-config="true" duration-ms="89" started-at="2019-02-25T06:02:55Z" finished-at="2019-02-25T06:02:55Z">
          <reporter-output>
          </reporter-output>
        </test-method> <!-- cleanupAfterTestcaseExecution -->
      </class> <!-- TS_Settings.TC_Settings_test_01 -->
    </test> <!-- TC_Settings_test_01 -->
    <test name="TC_Settings_test_02" duration-ms="4179" started-at="2019-02-25T06:02:55Z" finished-at="2019-02-25T06:03:00Z">
      <class name="TS_Settings.TC_Settings_test_02">
        <test-method status="PASS" signature="prepareTestbedForTestsuiteExecution()[pri:0, instance:TS_Settings.TC_Settings_test_02@51565ec2]" name="prepareTestbedForTestsuiteExecution" is-config="true" duration-ms="22" started-at="2019-02-25T06:02:51Z" finished-at="2019-02-25T06:02:51Z">
          <reporter-output>
          </reporter-output>
        </test-method> <!-- prepareTestbedForTestsuiteExecution -->
        <test-method status="PASS" signature="setEnviornmentForTestcaseExecution()[pri:0, instance:TS_Settings.TC_Settings_test_02@51565ec2]" name="setEnviornmentForTestcaseExecution" is-config="true" duration-ms="3169" started-at="2019-02-25T06:02:55Z" finished-at="2019-02-25T06:02:59Z">
          <reporter-output>
          </reporter-output>
        </test-method> <!-- setEnviornmentForTestcaseExecution -->
        <test-method status="FAIL" signature="settings_sample_test02()[pri:0, instance:TS_Settings.TC_Settings_test_02@51565ec2]" name="settings_sample_test02" duration-ms="456" started-at="2019-02-25T06:02:59Z" finished-at="2019-02-25T06:02:59Z">
          <exception class="java.lang.AssertionError">
            <message>
              <![CDATA[expected [false] but found [true]]]>
            </message>
            <full-stacktrace>
              <![CDATA[java.lang.AssertionError: expected [false] but found [true]
at org.testng.Assert.fail(Assert.java:96)
at org.testng.Assert.failNotEquals(Assert.java:776)
at org.testng.Assert.assertEqualsImpl(Assert.java:137)
at org.testng.Assert.assertEquals(Assert.java:118)
at org.testng.Assert.assertEquals(Assert.java:568)
at org.testng.Assert.assertEquals(Assert.java:578)
at TS_Settings.TC_Settings_test_02.settings_sample_test02(TC_Settings_test_02.java:16)
at sun.reflect.NativeMethodAccessorImpl.invoke0(Native Method)
at sun.reflect.NativeMethodAccessorImpl.invoke(NativeMethodAccessorImpl.java:62)
at sun.reflect.DelegatingMethodAccessorImpl.invoke(DelegatingMethodAccessorImpl.java:43)
at java.lang.reflect.Method.invoke(Method.java:498)
at org.testng.internal.MethodInvocationHelper.invokeMethod(MethodInvocationHelper.java:124)
at org.testng.internal.Invoker.invokeMethod(Invoker.java:583)
at org.testng.internal.Invoker.invokeTestMethod(Invoker.java:719)
at org.testng.internal.Invoker.invokeTestMethods(Invoker.java:989)
at org.testng.internal.TestMethodWorker.invokeTestMethods(TestMethodWorker.java:125)
at org.testng.internal.TestMethodWorker.run(TestMethodWorker.java:109)
at org.testng.TestRunner.privateRun(TestRunner.java:648)
at org.testng.TestRunner.run(TestRunner.java:505)
at org.testng.SuiteRunner.runTest(SuiteRunner.java:455)
at org.testng.SuiteRunner.runSequentially(SuiteRunner.java:450)
at org.testng.SuiteRunner.privateRun(SuiteRunner.java:415)
at org.testng.SuiteRunner.run(SuiteRunner.java:364)
at org.testng.SuiteRunnerWorker.runSuite(SuiteRunnerWorker.java:52)
at org.testng.SuiteRunnerWorker.run(SuiteRunnerWorker.java:84)
at org.testng.TestNG.runSuitesSequentially(TestNG.java:1208)
at org.testng.TestNG.runSuitesSequentially(TestNG.java:1204)
at org.testng.TestNG.runSuitesLocally(TestNG.java:1137)
at org.testng.TestNG.runSuites(TestNG.java:1049)
at org.testng.TestNG.run(TestNG.java:1017)
at org.apache.maven.surefire.testng.TestNGExecutor.run(TestNGExecutor.java:283)
at org.apache.maven.surefire.testng.TestNGXmlTestSuite.execute(TestNGXmlTestSuite.java:75)
at org.apache.maven.surefire.testng.TestNGProvider.invoke(TestNGProvider.java:120)
at org.apache.maven.surefire.booter.ForkedBooter.invokeProviderInSameClassLoader(ForkedBooter.java:384)
at org.apache.maven.surefire.booter.ForkedBooter.runSuitesInProcess(ForkedBooter.java:345)
at org.apache.maven.surefire.booter.ForkedBooter.execute(ForkedBooter.java:126)
at org.apache.maven.surefire.booter.ForkedBooter.main(ForkedBooter.java:418)
]]>
            </full-stacktrace>
          </exception> <!-- java.lang.AssertionError -->
          <reporter-output>
          </reporter-output>
        </test-method> <!-- settings_sample_test02 -->
        <test-method status="PASS" signature="cleanupAfterTestcaseExecution()[pri:0, instance:TS_Settings.TC_Settings_test_02@51565ec2]" name="cleanupAfterTestcaseExecution" is-config="true" duration-ms="84" started-at="2019-02-25T06:03:00Z" finished-at="2019-02-25T06:03:00Z">
          <reporter-output>
          </reporter-output>
        </test-method> <!-- cleanupAfterTestcaseExecution -->
        <test-method status="PASS" signature="cleanupTestbedAfterTestSuiteExecution()[pri:0, instance:TS_Settings.TC_Settings_test_02@51565ec2]" name="cleanupTestbedAfterTestSuiteExecution" is-config="true" duration-ms="518" started-at="2019-02-25T06:03:00Z" finished-at="2019-02-25T06:03:00Z">
          <reporter-output>
          </reporter-output>
        </test-method> <!-- cleanupTestbedAfterTestSuiteExecution -->
      </class> <!-- TS_Settings.TC_Settings_test_02 -->
    </test> <!-- TC_Settings_test_02 -->
  </suite> <!-- TS_Settings -->
  <suite name="TS_Profile (0)" duration-ms="7965" started-at="2019-02-25T06:03:00Z" finished-at="2019-02-25T06:03:08Z">
    <groups>
    </groups>
    <test name="TC_Profile_test_01" duration-ms="3986" started-at="2019-02-25T06:03:00Z" finished-at="2019-02-25T06:03:04Z">
      <class name="TS_Profile.TC_Profile_test_01">
        <test-method status="PASS" signature="setEnviornmentForTestcaseExecution()[pri:0, instance:TS_Profile.TC_Profile_test_01@457e2f02]" name="setEnviornmentForTestcaseExecution" is-config="true" duration-ms="2995" started-at="2019-02-25T06:03:00Z" finished-at="2019-02-25T06:03:03Z">
          <reporter-output>
          </reporter-output>
        </test-method> <!-- setEnviornmentForTestcaseExecution -->
        <test-method status="PASS" signature="profile_sample_test01()[pri:0, instance:TS_Profile.TC_Profile_test_01@457e2f02]" name="profile_sample_test01" duration-ms="435" started-at="2019-02-25T06:03:03Z" finished-at="2019-02-25T06:03:04Z">
          <reporter-output>
          </reporter-output>
        </test-method> <!-- profile_sample_test01 -->
        <test-method status="PASS" signature="cleanupAfterTestcaseExecution()[pri:0, instance:TS_Profile.TC_Profile_test_01@457e2f02]" name="cleanupAfterTestcaseExecution" is-config="true" duration-ms="83" started-at="2019-02-25T06:03:04Z" finished-at="2019-02-25T06:03:04Z">
          <reporter-output>
          </reporter-output>
        </test-method> <!-- cleanupAfterTestcaseExecution -->
      </class> <!-- TS_Profile.TC_Profile_test_01 -->
    </test> <!-- TC_Profile_test_01 -->
    <test name="TC_Profile_test_02" duration-ms="3921" started-at="2019-02-25T06:03:04Z" finished-at="2019-02-25T06:03:08Z">
      <class name="TS_Profile.TC_Profile_test_02">
        <test-method status="PASS" signature="prepareTestbedForTestsuiteExecution()[pri:0, instance:TS_Profile.TC_Profile_test_02@c038203]" name="prepareTestbedForTestsuiteExecution" is-config="true" duration-ms="21" started-at="2019-02-25T06:03:00Z" finished-at="2019-02-25T06:03:00Z">
          <reporter-output>
          </reporter-output>
        </test-method> <!-- prepareTestbedForTestsuiteExecution -->
        <test-method status="PASS" signature="setEnviornmentForTestcaseExecution()[pri:0, instance:TS_Profile.TC_Profile_test_02@c038203]" name="setEnviornmentForTestcaseExecution" is-config="true" duration-ms="2958" started-at="2019-02-25T06:03:04Z" finished-at="2019-02-25T06:03:07Z">
          <reporter-output>
          </reporter-output>
        </test-method> <!-- setEnviornmentForTestcaseExecution -->
        <test-method status="PASS" signature="profile_sample_test02()[pri:0, instance:TS_Profile.TC_Profile_test_02@c038203]" name="profile_sample_test02" duration-ms="425" started-at="2019-02-25T06:03:07Z" finished-at="2019-02-25T06:03:08Z">
          <reporter-output>
          </reporter-output>
        </test-method> <!-- profile_sample_test02 -->
        <test-method status="PASS" signature="cleanupAfterTestcaseExecution()[pri:0, instance:TS_Profile.TC_Profile_test_02@c038203]" name="cleanupAfterTestcaseExecution" is-config="true" duration-ms="74" started-at="2019-02-25T06:03:08Z" finished-at="2019-02-25T06:03:08Z">
          <reporter-output>
          </reporter-output>
        </test-method> <!-- cleanupAfterTestcaseExecution -->
        <test-method status="PASS" signature="cleanupTestbedAfterTestSuiteExecution()[pri:0, instance:TS_Profile.TC_Profile_test_02@c038203]" name="cleanupTestbedAfterTestSuiteExecution" is-config="true" duration-ms="518" started-at="2019-02-25T06:03:08Z" finished-at="2019-02-25T06:03:09Z">
          <reporter-output>
          </reporter-output>
        </test-method> <!-- cleanupTestbedAfterTestSuiteExecution -->
      </class> <!-- TS_Profile.TC_Profile_test_02 -->
    </test> <!-- TC_Profile_test_02 -->
  </suite> <!-- TS_Profile (0) -->
</testng-results>
