<?xml version="1.0" encoding="UTF-8"?>
<testng-results skipped="0" failed="1" ignored="0" total="6" passed="5">
  <reporter-output>
  </reporter-output>
  <suite name="TS_Mynetwork" duration-ms="8048" started-at="2019-02-25T06:06:25Z" finished-at="2019-02-25T06:06:33Z">
    <groups>
    </groups>
    <test name="TC_Network_test_01" duration-ms="3988" started-at="2019-02-25T06:06:25Z" finished-at="2019-02-25T06:06:29Z">
      <class name="TS_Mynetwork.TC_Network_test_01">
        <test-method status="PASS" signature="setEnviornmentForTestcaseExecution()[pri:0, instance:TS_Mynetwork.TC_Network_test_01@69ea3742]" name="setEnviornmentForTestcaseExecution" is-config="true" duration-ms="3008" started-at="2019-02-25T06:06:25Z" finished-at="2019-02-25T06:06:28Z">
          <reporter-output>
          </reporter-output>
        </test-method> <!-- setEnviornmentForTestcaseExecution -->
        <test-method status="PASS" signature="network_sample_test01()[pri:0, instance:TS_Mynetwork.TC_Network_test_01@69ea3742]" name="network_sample_test01" duration-ms="440" started-at="2019-02-25T06:06:28Z" finished-at="2019-02-25T06:06:28Z">
          <reporter-output>
          </reporter-output>
        </test-method> <!-- network_sample_test01 -->
        <test-method status="PASS" signature="cleanupAfterTestcaseExecution()[pri:0, instance:TS_Mynetwork.TC_Network_test_01@69ea3742]" name="cleanupAfterTestcaseExecution" is-config="true" duration-ms="82" started-at="2019-02-25T06:06:28Z" finished-at="2019-02-25T06:06:29Z">
          <reporter-output>
          </reporter-output>
        </test-method> <!-- cleanupAfterTestcaseExecution -->
      </class> <!-- TS_Mynetwork.TC_Network_test_01 -->
    </test> <!-- TC_Network_test_01 -->
    <test name="TC_Network_test_02" duration-ms="4006" started-at="2019-02-25T06:06:29Z" finished-at="2019-02-25T06:06:33Z">
      <class name="TS_Mynetwork.TC_Network_test_02">
        <test-method status="PASS" signature="prepareTestbedForTestsuiteExecution()[pri:0, instance:TS_Mynetwork.TC_Network_test_02@5025a98f]" name="prepareTestbedForTestsuiteExecution" is-config="true" duration-ms="24" started-at="2019-02-25T06:06:25Z" finished-at="2019-02-25T06:06:25Z">
          <reporter-output>
          </reporter-output>
        </test-method> <!-- prepareTestbedForTestsuiteExecution -->
        <test-method status="PASS" signature="setEnviornmentForTestcaseExecution()[pri:0, instance:TS_Mynetwork.TC_Network_test_02@5025a98f]" name="setEnviornmentForTestcaseExecution" is-config="true" duration-ms="3016" started-at="2019-02-25T06:06:29Z" finished-at="2019-02-25T06:06:32Z">
          <reporter-output>
          </reporter-output>
        </test-method> <!-- setEnviornmentForTestcaseExecution -->
        <test-method status="PASS" signature="network_sample_test02()[pri:0, instance:TS_Mynetwork.TC_Network_test_02@5025a98f]" name="network_sample_test02" duration-ms="470" started-at="2019-02-25T06:06:32Z" finished-at="2019-02-25T06:06:32Z">
          <reporter-output>
          </reporter-output>
        </test-method> <!-- network_sample_test02 -->
        <test-method status="PASS" signature="cleanupAfterTestcaseExecution()[pri:0, instance:TS_Mynetwork.TC_Network_test_02@5025a98f]" name="cleanupAfterTestcaseExecution" is-config="true" duration-ms="86" started-at="2019-02-25T06:06:33Z" finished-at="2019-02-25T06:06:33Z">
          <reporter-output>
          </reporter-output>
        </test-method> <!-- cleanupAfterTestcaseExecution -->
        <test-method status="PASS" signature="cleanupTestbedAfterTestSuiteExecution()[pri:0, instance:TS_Mynetwork.TC_Network_test_02@5025a98f]" name="cleanupTestbedAfterTestSuiteExecution" is-config="true" duration-ms="520" started-at="2019-02-25T06:06:33Z" finished-at="2019-02-25T06:06:33Z">
          <reporter-output>
          </reporter-output>
        </test-method> <!-- cleanupTestbedAfterTestSuiteExecution -->
      </class> <!-- TS_Mynetwork.TC_Network_test_02 -->
    </test> <!-- TC_Network_test_02 -->
  </suite> <!-- TS_Mynetwork -->
  <suite name="TS_Profile" duration-ms="9994" started-at="2019-02-25T06:06:14Z" finished-at="2019-02-25T06:06:24Z">
    <groups>
    </groups>
    <test name="TC_Profile_test_01" duration-ms="5562" started-at="2019-02-25T06:06:14Z" finished-at="2019-02-25T06:06:20Z">
      <class name="TS_Profile.TC_Profile_test_01">
        <test-method status="PASS" signature="setEnviornmentForTestcaseExecution()[pri:0, instance:TS_Profile.TC_Profile_test_01@4dfa3a9d]" name="setEnviornmentForTestcaseExecution" is-config="true" duration-ms="4494" started-at="2019-02-25T06:06:14Z" finished-at="2019-02-25T06:06:18Z">
          <reporter-output>
          </reporter-output>
        </test-method> <!-- setEnviornmentForTestcaseExecution -->
        <test-method status="PASS" signature="profile_sample_test01()[pri:0, instance:TS_Profile.TC_Profile_test_01@4dfa3a9d]" name="profile_sample_test01" duration-ms="448" started-at="2019-02-25T06:06:18Z" finished-at="2019-02-25T06:06:19Z">
          <reporter-output>
          </reporter-output>
        </test-method> <!-- profile_sample_test01 -->
        <test-method status="PASS" signature="cleanupAfterTestcaseExecution()[pri:0, instance:TS_Profile.TC_Profile_test_01@4dfa3a9d]" name="cleanupAfterTestcaseExecution" is-config="true" duration-ms="112" started-at="2019-02-25T06:06:19Z" finished-at="2019-02-25T06:06:20Z">
          <reporter-output>
          </reporter-output>
        </test-method> <!-- cleanupAfterTestcaseExecution -->
      </class> <!-- TS_Profile.TC_Profile_test_01 -->
    </test> <!-- TC_Profile_test_01 -->
    <test name="TC_Profile_test_02" duration-ms="4291" started-at="2019-02-25T06:06:20Z" finished-at="2019-02-25T06:06:24Z">
      <class name="TS_Profile.TC_Profile_test_02">
        <test-method status="PASS" signature="prepareTestbedForTestsuiteExecution()[pri:0, instance:TS_Profile.TC_Profile_test_02@cb644e]" name="prepareTestbedForTestsuiteExecution" is-config="true" duration-ms="1962" started-at="2019-02-25T06:06:12Z" finished-at="2019-02-25T06:06:14Z">
          <reporter-output>
          </reporter-output>
        </test-method> <!-- prepareTestbedForTestsuiteExecution -->
        <test-method status="PASS" signature="setEnviornmentForTestcaseExecution()[pri:0, instance:TS_Profile.TC_Profile_test_02@cb644e]" name="setEnviornmentForTestcaseExecution" is-config="true" duration-ms="3306" started-at="2019-02-25T06:06:20Z" finished-at="2019-02-25T06:06:23Z">
          <reporter-output>
          </reporter-output>
        </test-method> <!-- setEnviornmentForTestcaseExecution -->
        <test-method status="PASS" signature="profile_sample_test02()[pri:0, instance:TS_Profile.TC_Profile_test_02@cb644e]" name="profile_sample_test02" duration-ms="426" started-at="2019-02-25T06:06:23Z" finished-at="2019-02-25T06:06:23Z">
          <reporter-output>
          </reporter-output>
        </test-method> <!-- profile_sample_test02 -->
        <test-method status="PASS" signature="cleanupAfterTestcaseExecution()[pri:0, instance:TS_Profile.TC_Profile_test_02@cb644e]" name="cleanupAfterTestcaseExecution" is-config="true" duration-ms="80" started-at="2019-02-25T06:06:24Z" finished-at="2019-02-25T06:06:24Z">
          <reporter-output>
          </reporter-output>
        </test-method> <!-- cleanupAfterTestcaseExecution -->
        <test-method status="PASS" signature="cleanupTestbedAfterTestSuiteExecution()[pri:0, instance:TS_Profile.TC_Profile_test_02@cb644e]" name="cleanupTestbedAfterTestSuiteExecution" is-config="true" duration-ms="522" started-at="2019-02-25T06:06:24Z" finished-at="2019-02-25T06:06:25Z">
          <reporter-output>
          </reporter-output>
        </test-method> <!-- cleanupTestbedAfterTestSuiteExecution -->
      </class> <!-- TS_Profile.TC_Profile_test_02 -->
    </test> <!-- TC_Profile_test_02 -->
  </suite> <!-- TS_Profile -->
  <suite name="XMSC UI Test suites" duration-ms="0" started-at="2019-02-25T06:06:43Z" finished-at="2019-02-25T06:06:43Z">
    <groups>
    </groups>
  </suite> <!-- XMSC UI Test suites -->
  <suite name="TS_Settings" duration-ms="8168" started-at="2019-02-25T06:06:33Z" finished-at="2019-02-25T06:06:41Z">
    <groups>
    </groups>
    <test name="TC_Settings_test_01" duration-ms="4046" started-at="2019-02-25T06:06:33Z" finished-at="2019-02-25T06:06:37Z">
      <class name="TS_Settings.TC_Settings_test_01">
        <test-method status="PASS" signature="setEnviornmentForTestcaseExecution()[pri:0, instance:TS_Settings.TC_Settings_test_01@dc24521]" name="setEnviornmentForTestcaseExecution" is-config="true" duration-ms="3049" started-at="2019-02-25T06:06:33Z" finished-at="2019-02-25T06:06:36Z">
          <reporter-output>
          </reporter-output>
        </test-method> <!-- setEnviornmentForTestcaseExecution -->
        <test-method status="PASS" signature="settings_sample_test01()[pri:0, instance:TS_Settings.TC_Settings_test_01@dc24521]" name="settings_sample_test01" duration-ms="454" started-at="2019-02-25T06:06:36Z" finished-at="2019-02-25T06:06:37Z">
          <reporter-output>
          </reporter-output>
        </test-method> <!-- settings_sample_test01 -->
        <test-method status="PASS" signature="cleanupAfterTestcaseExecution()[pri:0, instance:TS_Settings.TC_Settings_test_01@dc24521]" name="cleanupAfterTestcaseExecution" is-config="true" duration-ms="81" started-at="2019-02-25T06:06:37Z" finished-at="2019-02-25T06:06:37Z">
          <reporter-output>
          </reporter-output>
        </test-method> <!-- cleanupAfterTestcaseExecution -->
      </class> <!-- TS_Settings.TC_Settings_test_01 -->
    </test> <!-- TC_Settings_test_01 -->
    <test name="TC_Settings_test_02" duration-ms="4066" started-at="2019-02-25T06:06:37Z" finished-at="2019-02-25T06:06:41Z">
      <class name="TS_Settings.TC_Settings_test_02">
        <test-method status="PASS" signature="prepareTestbedForTestsuiteExecution()[pri:0, instance:TS_Settings.TC_Settings_test_02@31dc339b]" name="prepareTestbedForTestsuiteExecution" is-config="true" duration-ms="27" started-at="2019-02-25T06:06:33Z" finished-at="2019-02-25T06:06:33Z">
          <reporter-output>
          </reporter-output>
        </test-method> <!-- prepareTestbedForTestsuiteExecution -->
        <test-method status="PASS" signature="setEnviornmentForTestcaseExecution()[pri:0, instance:TS_Settings.TC_Settings_test_02@31dc339b]" name="setEnviornmentForTestcaseExecution" is-config="true" duration-ms="3079" started-at="2019-02-25T06:06:37Z" finished-at="2019-02-25T06:06:40Z">
          <reporter-output>
          </reporter-output>
        </test-method> <!-- setEnviornmentForTestcaseExecution -->
        <test-method status="FAIL" signature="settings_sample_test02()[pri:0, instance:TS_Settings.TC_Settings_test_02@31dc339b]" name="settings_sample_test02" duration-ms="431" started-at="2019-02-25T06:06:40Z" finished-at="2019-02-25T06:06:41Z">
          <exception class="java.lang.AssertionError">
            <message>
              <![CDATA[expected [false] but found [true]]]>
            </message>
            <full-stacktrace>
              <![CDATA[java.lang.AssertionError: expected [false] but found [true]
at org.testng.Assert.fail(Assert.java:96)
at org.testng.Assert.failNotEquals(Assert.java:776)
at org.testng.Assert.assertEqualsImpl(Assert.java:137)
at org.testng.Assert.assertEquals(Assert.java:118)
at org.testng.Assert.assertEquals(Assert.java:568)
at org.testng.Assert.assertEquals(Assert.java:578)
at TS_Settings.TC_Settings_test_02.settings_sample_test02(TC_Settings_test_02.java:16)
at sun.reflect.NativeMethodAccessorImpl.invoke0(Native Method)
at sun.reflect.NativeMethodAccessorImpl.invoke(Unknown Source)
at sun.reflect.DelegatingMethodAccessorImpl.invoke(Unknown Source)
at java.lang.reflect.Method.invoke(Unknown Source)
at org.testng.internal.MethodInvocationHelper.invokeMethod(MethodInvocationHelper.java:124)
at org.testng.internal.Invoker.invokeMethod(Invoker.java:583)
at org.testng.internal.Invoker.invokeTestMethod(Invoker.java:719)
at org.testng.internal.Invoker.invokeTestMethods(Invoker.java:989)
at org.testng.internal.TestMethodWorker.invokeTestMethods(TestMethodWorker.java:125)
at org.testng.internal.TestMethodWorker.run(TestMethodWorker.java:109)
at org.testng.TestRunner.privateRun(TestRunner.java:648)
at org.testng.TestRunner.run(TestRunner.java:505)
at org.testng.SuiteRunner.runTest(SuiteRunner.java:455)
at org.testng.SuiteRunner.runSequentially(SuiteRunner.java:450)
at org.testng.SuiteRunner.privateRun(SuiteRunner.java:415)
at org.testng.SuiteRunner.run(SuiteRunner.java:364)
at org.testng.SuiteRunnerWorker.runSuite(SuiteRunnerWorker.java:52)
at org.testng.SuiteRunnerWorker.run(SuiteRunnerWorker.java:84)
at org.testng.TestNG.runSuitesSequentially(TestNG.java:1208)
at org.testng.TestNG.runSuitesSequentially(TestNG.java:1204)
at org.testng.TestNG.runSuitesLocally(TestNG.java:1137)
at org.testng.TestNG.runSuites(TestNG.java:1049)
at org.testng.TestNG.run(TestNG.java:1017)
at org.testng.remote.AbstractRemoteTestNG.run(AbstractRemoteTestNG.java:114)
at org.testng.remote.RemoteTestNG.initAndRun(RemoteTestNG.java:251)
at org.testng.remote.RemoteTestNG.main(RemoteTestNG.java:77)
]]>
            </full-stacktrace>
          </exception> <!-- java.lang.AssertionError -->
          <reporter-output>
          </reporter-output>
        </test-method> <!-- settings_sample_test02 -->
        <test-method status="PASS" signature="cleanupAfterTestcaseExecution()[pri:0, instance:TS_Settings.TC_Settings_test_02@31dc339b]" name="cleanupAfterTestcaseExecution" is-config="true" duration-ms="81" started-at="2019-02-25T06:06:41Z" finished-at="2019-02-25T06:06:41Z">
          <reporter-output>
          </reporter-output>
        </test-method> <!-- cleanupAfterTestcaseExecution -->
        <test-method status="PASS" signature="cleanupTestbedAfterTestSuiteExecution()[pri:0, instance:TS_Settings.TC_Settings_test_02@31dc339b]" name="cleanupTestbedAfterTestSuiteExecution" is-config="true" duration-ms="518" started-at="2019-02-25T06:06:41Z" finished-at="2019-02-25T06:06:42Z">
          <reporter-output>
          </reporter-output>
        </test-method> <!-- cleanupTestbedAfterTestSuiteExecution -->
      </class> <!-- TS_Settings.TC_Settings_test_02 -->
    </test> <!-- TC_Settings_test_02 -->
  </suite> <!-- TS_Settings -->
</testng-results>
